<?xml version="1.0" encoding="UTF-8"?>
<!-- Generated by org.testng.reporters.JUnitReportReporter -->
<testsuite skipped="0" hostname="DESKTOP-HODJN7I" name="myorange.testcases.SanityTest" tests="5" failures="0" timestamp="31 Mar 2018 15:49:27 GMT" time="74.211" errors="0">
  <testcase name="verifyLoginPage" time="12.809" classname="myorange.testcases.SanityTest"/>
  <testcase name="loginTest" time="18.671" classname="myorange.testcases.SanityTest"/>
  <testcase name="verifyAdminTest" time="12.021" classname="myorange.testcases.SanityTest"/>
  <testcase name="goToPim" time="13.039" classname="myorange.testcases.SanityTest"/>
  <testcase name="addNewEmployee" time="17.671" classname="myorange.testcases.SanityTest"/>
</testsuite> <!-- myorange.testcases.SanityTest -->
