<?xml version="1.0" encoding="UTF-8"?>
<!-- Generated by org.testng.reporters.JUnitReportReporter -->
<testsuite skipped="0" hostname="DESKTOP-HODJN7I" name="myorange.testcases.HomePageTest" tests="1" failures="0" timestamp="31 Mar 2018 15:49:27 GMT" time="19.362" errors="0">
  <testcase name="verifyTitle" time="19.362" classname="myorange.testcases.HomePageTest"/>
</testsuite> <!-- myorange.testcases.HomePageTest -->
